[debug] [2021-05-24T13:19:23.976Z] ----------------------------------------------------------------------
[debug] [2021-05-24T13:19:23.978Z] Command:       /Users/aofiee/.nvm/versions/node/v15.3.0/bin/node /Users/aofiee/.nvm/versions/node/v15.3.0/bin/firebase emulators:start --import backup/firestore_export --export-on-exit backup/firestore_export --project mindpowerbank-dev
[debug] [2021-05-24T13:19:23.978Z] CLI Version:   9.11.0
[debug] [2021-05-24T13:19:23.979Z] Platform:      darwin
[debug] [2021-05-24T13:19:23.979Z] Node Version:  v15.3.0
[debug] [2021-05-24T13:19:23.979Z] Time:          Mon May 24 2021 20:19:23 GMT+0700 (Indochina Time)
[debug] [2021-05-24T13:19:23.980Z] ----------------------------------------------------------------------
[debug] 
[debug] [2021-05-24T13:19:23.987Z] > command requires scopes: ["email","openid","https://www.googleapis.com/auth/cloudplatformprojects.readonly","https://www.googleapis.com/auth/firebase","https://www.googleapis.com/auth/cloud-platform"]
[debug] [2021-05-24T13:19:23.987Z] > authorizing via signed-in user (aofiee666@gmail.com)
[info] i  emulators: Starting emulators: auth, functions, firestore, database, hosting, pubsub, storage {"metadata":{"emulator":{"name":"hub"},"message":"Starting emulators: auth, functions, firestore, database, hosting, pubsub, storage"}}
[debug] [2021-05-24T13:19:24.010Z] [hub] writing locator at /var/folders/09/d4mx_tcj54g0hq7ppq51ssgh0000gn/T/hub-mindpowerbank-dev.json
[warn] ⚠  functions: The functions emulator is configured but there is no functions source directory. Have you run firebase init functions? {"metadata":{"emulator":{"name":"functions"},"message":"The functions emulator is configured but there is no functions source directory. Have you run \u001b[1mfirebase init functions\u001b[22m?"}}
[info] i  firestore: Importing data from /Users/aofiee/Documents/Projects/MindPowerBank/Firebase/backup/firestore_export/firestore_export/firestore_export.overall_export_metadata {"metadata":{"emulator":{"name":"firestore"},"message":"Importing data from /Users/aofiee/Documents/Projects/MindPowerBank/Firebase/backup/firestore_export/firestore_export/firestore_export.overall_export_metadata"}}
[debug] [2021-05-24T13:19:24.046Z] Ignoring unsupported arg: projectId {"metadata":{"emulator":{"name":"firestore"},"message":"Ignoring unsupported arg: projectId"}}
[debug] [2021-05-24T13:19:24.046Z] Ignoring unsupported arg: auto_download {"metadata":{"emulator":{"name":"firestore"},"message":"Ignoring unsupported arg: auto_download"}}
[debug] [2021-05-24T13:19:24.046Z] Starting Firestore Emulator with command {"binary":"java","args":["-Dgoogle.cloud_firestore.debug_log_level=FINE","-Duser.language=en","-jar","/Users/aofiee/.cache/firebase/emulators/cloud-firestore-emulator-v1.11.15.jar","--host","localhost","--port",8980,"--seed_from_export","/Users/aofiee/Documents/Projects/MindPowerBank/Firebase/backup/firestore_export/firestore_export/firestore_export.overall_export_metadata","--rules","/Users/aofiee/Documents/Projects/MindPowerBank/Firebase/firestore.rules"],"optionalArgs":["port","webchannel_port","host","rules","functions_emulator","seed_from_export"],"joinArgs":false} {"metadata":{"emulator":{"name":"firestore"},"message":"Starting Firestore Emulator with command {\"binary\":\"java\",\"args\":[\"-Dgoogle.cloud_firestore.debug_log_level=FINE\",\"-Duser.language=en\",\"-jar\",\"/Users/aofiee/.cache/firebase/emulators/cloud-firestore-emulator-v1.11.15.jar\",\"--host\",\"localhost\",\"--port\",8980,\"--seed_from_export\",\"/Users/aofiee/Documents/Projects/MindPowerBank/Firebase/backup/firestore_export/firestore_export/firestore_export.overall_export_metadata\",\"--rules\",\"/Users/aofiee/Documents/Projects/MindPowerBank/Firebase/firestore.rules\"],\"optionalArgs\":[\"port\",\"webchannel_port\",\"host\",\"rules\",\"functions_emulator\",\"seed_from_export\"],\"joinArgs\":false}"}}
[info] i  firestore: Firestore Emulator logging to firestore-debug.log {"metadata":{"emulator":{"name":"firestore"},"message":"Firestore Emulator logging to \u001b[1mfirestore-debug.log\u001b[22m"}}
[debug] [2021-05-24T13:19:25.175Z] May 24, 2021 8:19:25 PM com.google.cloud.datastore.emulator.firestore.websocket.WebSocketServer start
INFO: Started WebSocket server on ws://localhost:56734
 {"metadata":{"emulator":{"name":"firestore"},"message":"May 24, 2021 8:19:25 PM com.google.cloud.datastore.emulator.firestore.websocket.WebSocketServer start\nINFO: Started WebSocket server on ws://localhost:56734\n"}}
[debug] [2021-05-24T13:19:25.201Z] API endpoint: http://localhost {"metadata":{"emulator":{"name":"firestore"},"message":"API endpoint: http://localhost"}}
[debug] [2021-05-24T13:19:25.201Z] :8980
If you are using a library that supports the FIRESTORE_EMULATOR_HOST environment variable, run:

   export FIRESTORE_EMULATOR_HOST=localhost:8980

Dev App Server is now running.

 {"metadata":{"emulator":{"name":"firestore"},"message":":8980\nIf you are using a library that supports the FIRESTORE_EMULATOR_HOST environment variable, run:\n\n   export FIRESTORE_EMULATOR_HOST=localhost:8980\n\nDev App Server is now running.\n\n"}}
[debug] [2021-05-24T13:19:25.340Z] >>> [apiv2][query] GET https://firebase.googleapis.com/v1beta1/projects/mindpowerbank-dev [none]
[debug] [2021-05-24T13:19:25.782Z] <<< [apiv2][status] GET https://firebase.googleapis.com/v1beta1/projects/mindpowerbank-dev 200
[debug] [2021-05-24T13:19:25.782Z] <<< [apiv2][body] GET https://firebase.googleapis.com/v1beta1/projects/mindpowerbank-dev {"projectId":"mindpowerbank-dev","projectNumber":"579036531022","displayName":"MindPowerBank Dev","name":"projects/mindpowerbank-dev","resources":{"hostingSite":"mindpowerbank-dev","storageBucket":"mindpowerbank-dev.appspot.com","locationId":"asia-south1"},"state":"ACTIVE"}
[debug] [2021-05-24T13:19:25.782Z] database rules config:  []
[warn] ⚠  database: Did not find a Realtime Database rules file specified in a firebase.json config file. The emulator will default to allowing all reads and writes. Learn more about this option: https://firebase.google.com/docs/emulator-suite/install_and_configure#security_rules_configuration. {"metadata":{"emulator":{"name":"database"},"message":"Did not find a Realtime Database rules file specified in a firebase.json config file. The emulator will default to allowing all reads and writes. Learn more about this option: https://firebase.google.com/docs/emulator-suite/install_and_configure#security_rules_configuration."}}
[debug] [2021-05-24T13:19:25.784Z] Ignoring unsupported arg: projectId {"metadata":{"emulator":{"name":"database"},"message":"Ignoring unsupported arg: projectId"}}
[debug] [2021-05-24T13:19:25.784Z] Ignoring unsupported arg: auto_download {"metadata":{"emulator":{"name":"database"},"message":"Ignoring unsupported arg: auto_download"}}
[debug] [2021-05-24T13:19:25.784Z] Ignoring unsupported arg: rules {"metadata":{"emulator":{"name":"database"},"message":"Ignoring unsupported arg: rules"}}
[debug] [2021-05-24T13:19:25.784Z] Starting Database Emulator with command {"binary":"java","args":["-Duser.language=en","-jar","/Users/aofiee/.cache/firebase/emulators/firebase-database-emulator-v4.7.2.jar","--host","localhost","--port",9000],"optionalArgs":["port","host","functions_emulator_port","functions_emulator_host"],"joinArgs":false} {"metadata":{"emulator":{"name":"database"},"message":"Starting Database Emulator with command {\"binary\":\"java\",\"args\":[\"-Duser.language=en\",\"-jar\",\"/Users/aofiee/.cache/firebase/emulators/firebase-database-emulator-v4.7.2.jar\",\"--host\",\"localhost\",\"--port\",9000],\"optionalArgs\":[\"port\",\"host\",\"functions_emulator_port\",\"functions_emulator_host\"],\"joinArgs\":false}"}}
[info] i  database: Database Emulator logging to database-debug.log {"metadata":{"emulator":{"name":"database"},"message":"Database Emulator logging to \u001b[1mdatabase-debug.log\u001b[22m"}}
[debug] [2021-05-24T13:19:26.436Z] WARNING: An illegal reflective access operation has occurred
WARNING: Illegal reflective access by io.netty.util.internal.ReflectionUtil (file:/Users/aofiee/.cache/firebase/emulators/firebase-database-emulator-v4.7.2.jar) to field sun.nio.ch.SelectorImpl.selectedKeys
WARNING: Please consider reporting this to the maintainers of io.netty.util.internal.ReflectionUtil
WARNING: Use --illegal-access=warn to enable warnings of further illegal reflective access operations
WARNING: All illegal access operations will be denied in a future release
 {"metadata":{"emulator":{"name":"database"},"message":"WARNING: An illegal reflective access operation has occurred\nWARNING: Illegal reflective access by io.netty.util.internal.ReflectionUtil (file:/Users/aofiee/.cache/firebase/emulators/firebase-database-emulator-v4.7.2.jar) to field sun.nio.ch.SelectorImpl.selectedKeys\nWARNING: Please consider reporting this to the maintainers of io.netty.util.internal.ReflectionUtil\nWARNING: Use --illegal-access=warn to enable warnings of further illegal reflective access operations\nWARNING: All illegal access operations will be denied in a future release\n"}}
[debug] [2021-05-24T13:19:27.217Z] 20:19:27.215 [NamespaceSystem-akka.actor.default-dispatcher-4] INFO akka.event.slf4j.Slf4jLogger - Slf4jLogger started
 {"metadata":{"emulator":{"name":"database"},"message":"20:19:27.215 [NamespaceSystem-akka.actor.default-dispatcher-4] INFO akka.event.slf4j.Slf4jLogger - Slf4jLogger started\n"}}
[debug] [2021-05-24T13:19:27.378Z] 20:19:27.378 [main] INFO com.firebase.server.forge.App$ - Listening at localhost:9000
 {"metadata":{"emulator":{"name":"database"},"message":"20:19:27.378 [main] INFO com.firebase.server.forge.App$ - Listening at localhost:9000\n"}}
[info] i  auth: Importing config from /Users/aofiee/Documents/Projects/MindPowerBank/Firebase/backup/firestore_export/auth_export/config.json {"metadata":{"emulator":{"name":"database"},"message":"Importing config from /Users/aofiee/Documents/Projects/MindPowerBank/Firebase/backup/firestore_export/auth_export/config.json"}}
[info] i  auth: Importing accounts from /Users/aofiee/Documents/Projects/MindPowerBank/Firebase/backup/firestore_export/auth_export/accounts.json {"metadata":{"emulator":{"name":"database"},"message":"Importing accounts from /Users/aofiee/Documents/Projects/MindPowerBank/Firebase/backup/firestore_export/auth_export/accounts.json"}}
[debug] [2021-05-24T13:19:30.610Z] Ignoring unsupported arg: projectId {"metadata":{"emulator":{"name":"pubsub"},"message":"Ignoring unsupported arg: projectId"}}
[debug] [2021-05-24T13:19:30.610Z] Ignoring unsupported arg: auto_download {"metadata":{"emulator":{"name":"pubsub"},"message":"Ignoring unsupported arg: auto_download"}}
[debug] [2021-05-24T13:19:30.610Z] Starting Pub/Sub Emulator with command {"binary":"/Users/aofiee/.cache/firebase/emulators/pubsub-emulator-0.1.0/pubsub-emulator/bin/cloud-pubsub-emulator","args":["--host=localhost","--port=8085"],"optionalArgs":["port","host"],"joinArgs":true} {"metadata":{"emulator":{"name":"pubsub"},"message":"Starting Pub/Sub Emulator with command {\"binary\":\"/Users/aofiee/.cache/firebase/emulators/pubsub-emulator-0.1.0/pubsub-emulator/bin/cloud-pubsub-emulator\",\"args\":[\"--host=localhost\",\"--port=8085\"],\"optionalArgs\":[\"port\",\"host\"],\"joinArgs\":true}"}}
[info] i  pubsub: Pub/Sub Emulator logging to pubsub-debug.log {"metadata":{"emulator":{"name":"pubsub"},"message":"Pub/Sub Emulator logging to \u001b[1mpubsub-debug.log\u001b[22m"}}
[debug] [2021-05-24T13:19:30.796Z] This is the Google Pub/Sub fake.
 {"metadata":{"emulator":{"name":"pubsub"},"message":"This is the Google Pub/Sub fake.\n"}}
[debug] [2021-05-24T13:19:30.796Z] Implementation may be incomplete or differ from the real system.
 {"metadata":{"emulator":{"name":"pubsub"},"message":"Implementation may be incomplete or differ from the real system.\n"}}
[debug] [2021-05-24T13:19:30.843Z] May 24, 2021 8:19:30 PM com.google.cloud.pubsub.testing.v1.Main main
INFO: IAM integration is disabled. IAM policy methods and ACL checks are not supported
 {"metadata":{"emulator":{"name":"pubsub"},"message":"May 24, 2021 8:19:30 PM com.google.cloud.pubsub.testing.v1.Main main\nINFO: IAM integration is disabled. IAM policy methods and ACL checks are not supported\n"}}
[debug] [2021-05-24T13:19:31.343Z] May 24, 2021 8:19:31 PM io.gapi.emulators.netty.NettyUtil applyJava7LongHostnameWorkaround
INFO: Unable to apply Java 7 long hostname workaround.
 {"metadata":{"emulator":{"name":"pubsub"},"message":"May 24, 2021 8:19:31 PM io.gapi.emulators.netty.NettyUtil applyJava7LongHostnameWorkaround\nINFO: Unable to apply Java 7 long hostname workaround.\n"}}
[debug] [2021-05-24T13:19:31.446Z] May 24, 2021 8:19:31 PM com.google.cloud.pubsub.testing.v1.Main main
INFO: Server started, listening on 8085
 {"metadata":{"emulator":{"name":"pubsub"},"message":"May 24, 2021 8:19:31 PM com.google.cloud.pubsub.testing.v1.Main main\nINFO: Server started, listening on 8085\n"}}
[debug] [2021-05-24T13:19:31.644Z] Ignoring unsupported arg: port {"metadata":{"emulator":{"name":"storage"},"message":"Ignoring unsupported arg: port"}}
[debug] [2021-05-24T13:19:31.752Z] May 24, 2021 8:19:31 PM io.gapi.emulators.grpc.GrpcServer$3 operationComplete
INFO: Adding handler(s) to newly registered Channel.
 {"metadata":{"emulator":{"name":"pubsub"},"message":"May 24, 2021 8:19:31 PM io.gapi.emulators.grpc.GrpcServer$3 operationComplete\nINFO: Adding handler(s) to newly registered Channel.\n"}}
[debug] [2021-05-24T13:19:31.871Z] Temp file directory for storage emulator: /var/folders/09/d4mx_tcj54g0hq7ppq51ssgh0000gn/T/firebase/storage/blobs {"metadata":{"emulator":{"name":"storage"},"message":"Temp file directory for storage emulator: /var/folders/09/d4mx_tcj54g0hq7ppq51ssgh0000gn/T/firebase/storage/blobs"}}
[warn] ⚠  hosting: The hosting emulator is configured but there is no hosting configuration. Have you run firebase init hosting? {"metadata":{"emulator":{"name":"hosting"},"message":"The hosting emulator is configured but there is no hosting configuration. Have you run \u001b[1mfirebase init hosting\u001b[22m?"}}
[debug] [2021-05-24T13:19:32.555Z] Ignoring unsupported arg: auto_download {"metadata":{"emulator":{"name":"ui"},"message":"Ignoring unsupported arg: auto_download"}}
[debug] [2021-05-24T13:19:32.555Z] Ignoring unsupported arg: port {"metadata":{"emulator":{"name":"ui"},"message":"Ignoring unsupported arg: port"}}
[debug] [2021-05-24T13:19:32.555Z] Starting Emulator UI with command {"binary":"node","args":["/Users/aofiee/.cache/firebase/emulators/ui-v1.5.0/server.bundle.js"],"optionalArgs":[],"joinArgs":false} {"metadata":{"emulator":{"name":"ui"},"message":"Starting Emulator UI with command {\"binary\":\"node\",\"args\":[\"/Users/aofiee/.cache/firebase/emulators/ui-v1.5.0/server.bundle.js\"],\"optionalArgs\":[],\"joinArgs\":false}"}}
[info] i  ui: Emulator UI logging to ui-debug.log {"metadata":{"emulator":{"name":"ui"},"message":"Emulator UI logging to \u001b[1mui-debug.log\u001b[22m"}}
[debug] [2021-05-24T13:19:32.661Z] Web / API server started at http://localhost:4000
 {"metadata":{"emulator":{"name":"ui"},"message":"Web / API server started at http://localhost:4000\n"}}
[info] 
┌─────────────────────────────────────────────────────────────┐
│ ✔  All emulators ready! It is now safe to connect your app. │
│ i  View Emulator UI at http://localhost:4000                │
└─────────────────────────────────────────────────────────────┘

┌────────────────┬──────────────────────────────────┬─────────────────────────────────┐
│ Emulator       │ Host:Port                        │ View in Emulator UI             │
├────────────────┼──────────────────────────────────┼─────────────────────────────────┤
│ Authentication │ localhost:9099                   │ http://localhost:4000/auth      │
├────────────────┼──────────────────────────────────┼─────────────────────────────────┤
│ Functions      │ Failed to initialize (see above) │                                 │
├────────────────┼──────────────────────────────────┼─────────────────────────────────┤
│ Firestore      │ localhost:8980                   │ http://localhost:4000/firestore │
├────────────────┼──────────────────────────────────┼─────────────────────────────────┤
│ Database       │ localhost:9000                   │ http://localhost:4000/database  │
├────────────────┼──────────────────────────────────┼─────────────────────────────────┤
│ Hosting        │ Failed to initialize (see above) │                                 │
├────────────────┼──────────────────────────────────┼─────────────────────────────────┤
│ Pub/Sub        │ localhost:8085                   │ n/a                             │
├────────────────┼──────────────────────────────────┼─────────────────────────────────┤
│ Storage        │ localhost:9199                   │ http://localhost:4000/storage   │
└────────────────┴──────────────────────────────────┴─────────────────────────────────┘
  Emulator Hub running at localhost:4400
  Other reserved ports: 4500

Issues? Report them at https://github.com/firebase/firebase-tools/issues and attach the *-debug.log files.
 
[debug] [2021-05-24T13:19:37.391Z] May 24, 2021 8:19:37 PM io.gapi.emulators.netty.HttpVersionRoutingHandler channelRead
INFO: Detected non-HTTP/2 connection.
 {"metadata":{"emulator":{"name":"firestore"},"message":"May 24, 2021 8:19:37 PM io.gapi.emulators.netty.HttpVersionRoutingHandler channelRead\nINFO: Detected non-HTTP/2 connection.\n"}}
[debug] [2021-05-24T13:19:37.391Z] May 24, 2021 8:19:37 PM io.gapi.emulators.netty.HttpVersionRoutingHandler channelRead
INFO: Detected non-HTTP/2 connection.
 {"metadata":{"emulator":{"name":"firestore"},"message":"May 24, 2021 8:19:37 PM io.gapi.emulators.netty.HttpVersionRoutingHandler channelRead\nINFO: Detected non-HTTP/2 connection.\n"}}
[debug] [2021-05-24T13:19:37.629Z] May 24, 2021 8:19:37 PM io.gapi.emulators.netty.HttpVersionRoutingHandler channelRead
INFO: Detected HTTP/2 connection.
 {"metadata":{"emulator":{"name":"firestore"},"message":"May 24, 2021 8:19:37 PM io.gapi.emulators.netty.HttpVersionRoutingHandler channelRead\nINFO: Detected HTTP/2 connection.\n"}}
[debug] [2021-05-24T13:19:38.282Z] May 24, 2021 8:19:38 PM io.gapi.emulators.netty.HttpVersionRoutingHandler channelRead
INFO: Detected non-HTTP/2 connection.
 {"metadata":{"emulator":{"name":"firestore"},"message":"May 24, 2021 8:19:38 PM io.gapi.emulators.netty.HttpVersionRoutingHandler channelRead\nINFO: Detected non-HTTP/2 connection.\n"}}
[debug] [2021-05-24T13:19:38.328Z] May 24, 2021 8:19:38 PM io.gapi.emulators.netty.HttpVersionRoutingHandler channelRead
INFO: Detected non-HTTP/2 connection.
 {"metadata":{"emulator":{"name":"firestore"},"message":"May 24, 2021 8:19:38 PM io.gapi.emulators.netty.HttpVersionRoutingHandler channelRead\nINFO: Detected non-HTTP/2 connection.\n"}}
[debug] [2021-05-24T13:19:38.337Z] May 24, 2021 8:19:38 PM io.gapi.emulators.netty.HttpVersionRoutingHandler channelRead
INFO: Detected non-HTTP/2 connection.
 {"metadata":{"emulator":{"name":"firestore"},"message":"May 24, 2021 8:19:38 PM io.gapi.emulators.netty.HttpVersionRoutingHandler channelRead\nINFO: Detected non-HTTP/2 connection.\n"}}
[debug] [2021-05-24T13:20:38.383Z] May 24, 2021 8:20:38 PM io.gapi.emulators.netty.HttpVersionRoutingHandler channelRead
INFO: Detected non-HTTP/2 connection.
 {"metadata":{"emulator":{"name":"firestore"},"message":"May 24, 2021 8:20:38 PM io.gapi.emulators.netty.HttpVersionRoutingHandler channelRead\nINFO: Detected non-HTTP/2 connection.\n"}}
[debug] [2021-05-24T13:21:38.407Z] May 24, 2021 8:21:38 PM io.gapi.emulators.netty.HttpVersionRoutingHandler channelRead
INFO: Detected non-HTTP/2 connection.
 {"metadata":{"emulator":{"name":"firestore"},"message":"May 24, 2021 8:21:38 PM io.gapi.emulators.netty.HttpVersionRoutingHandler channelRead\nINFO: Detected non-HTTP/2 connection.\n"}}
[debug] [2021-05-24T13:22:25.996Z] May 24, 2021 8:22:25 PM io.gapi.emulators.netty.HttpVersionRoutingHandler channelRead
INFO: Detected non-HTTP/2 connection.
 {"metadata":{"emulator":{"name":"firestore"},"message":"May 24, 2021 8:22:25 PM io.gapi.emulators.netty.HttpVersionRoutingHandler channelRead\nINFO: Detected non-HTTP/2 connection.\n"}}
[debug] [2021-05-25T11:49:58.349Z] Error: getWindowSize ENOTTY
    at WriteStream._refreshSize (node:tty:132:31)
    at process.<anonymous> (node:internal/bootstrap/switches/is_main_thread:127:41)
    at process.emit (node:events:388:22)
[error] 
[error] Error: An unexpected error has occurred.
[debug] [2021-05-25T11:49:58.385Z] Error: write EIO
    at afterWriteDispatched (node:internal/stream_base_commons:162:15)
    at writeGeneric (node:internal/stream_base_commons:153:3)
    at WriteStream.Socket._writeGeneric (node:net:769:11)
    at WriteStream.Socket._write (node:net:781:8)
    at writeOrBuffer (node:internal/streams/writable:388:12)
    at WriteStream.Writable.write (node:internal/streams/writable:333:10)
    at Console.log (/Users/aofiee/.nvm/versions/node/v15.3.0/lib/node_modules/firebase-tools/node_modules/winston/lib/winston/transports/console.js:79:23)
    at Console._write (/Users/aofiee/.nvm/versions/node/v15.3.0/lib/node_modules/firebase-tools/node_modules/winston-transport/index.js:103:17)
    at doWrite (/Users/aofiee/.nvm/versions/node/v15.3.0/lib/node_modules/firebase-tools/node_modules/winston-transport/node_modules/readable-stream/lib/_stream_writable.js:428:64)
    at writeOrBuffer (/Users/aofiee/.nvm/versions/node/v15.3.0/lib/node_modules/firebase-tools/node_modules/winston-transport/node_modules/readable-stream/lib/_stream_writable.js:417:5)
    at Console.Writable.write (/Users/aofiee/.nvm/versions/node/v15.3.0/lib/node_modules/firebase-tools/node_modules/winston-transport/node_modules/readable-stream/lib/_stream_writable.js:334:11)
    at DerivedLogger.ondata (/Users/aofiee/.nvm/versions/node/v15.3.0/lib/node_modules/firebase-tools/node_modules/readable-stream/lib/_stream_readable.js:681:20)
    at DerivedLogger.emit (node:events:388:22)
    at DerivedLogger.EventEmitter.emit (node:domain:470:12)
    at addChunk (/Users/aofiee/.nvm/versions/node/v15.3.0/lib/node_modules/firebase-tools/node_modules/readable-stream/lib/_stream_readable.js:298:12)
    at readableAddChunk (/Users/aofiee/.nvm/versions/node/v15.3.0/lib/node_modules/firebase-tools/node_modules/readable-stream/lib/_stream_readable.js:280:11)
[error] 
[error] Error: An unexpected error has occurred.
[debug] [2021-05-25T11:49:58.391Z] Received signal SIGHUP 1
[info]  
[info] i  emulators: Received SIGHUP for the first time. Starting a clean shutdown. 
[info] i  emulators: Please wait for a clean shutdown or send the SIGHUP signal again to stop right now. 
[info] i  Automatically exporting data using --export-on-exit "backup/firestore_export" please wait for the export to finish... 
[debug] [2021-05-25T11:49:58.401Z] >>> HTTP REQUEST GET http://localhost:4400/  
 
[debug] [2021-05-25T11:49:58.488Z] <<< HTTP RESPONSE 200 {"x-powered-by":"Express","vary":"Origin","content-type":"application/json; charset=utf-8","content-length":"51","etag":"W/\"33-5Uf46/KNtsqYsJvTmNKYsVCt4o8\"","date":"Tue, 25 May 2021 11:49:58 GMT","connection":"keep-alive","keep-alive":"timeout=5"}
[info] i  Found running emulator hub for project mindpowerbank-dev at http://localhost:4400 
[info] i  Deleting directory /Users/aofiee/Documents/Projects/MindPowerBank/Firebase/backup/firestore_export/firestore_export 
[info] i  Exporting data to: /Users/aofiee/Documents/Projects/MindPowerBank/Firebase/backup/firestore_export 
[debug] [2021-05-25T11:49:58.505Z] >>> HTTP REQUEST POST http://localhost:4400/_admin/export  
 {"path":"/Users/aofiee/Documents/Projects/MindPowerBank/Firebase/backup/firestore_export"}
[info] i  emulators: Received export request. Exporting data to /Users/aofiee/Documents/Projects/MindPowerBank/Firebase/backup/firestore_export. 
[debug] [2021-05-25T11:49:58.512Z] >>> HTTP REQUEST POST http://localhost:8980/emulator/v1/projects/mindpowerbank-dev:export  
 {"database":"projects/mindpowerbank-dev/databases/(default)","export_directory":"/Users/aofiee/Documents/Projects/MindPowerBank/Firebase/backup/firestore_export","export_name":"firestore_export"}
